make all --print-data-base --no-builtin-variables --no-builtin-rules --question
# GNU Make 3.81
# Copyright (C) 2006  Free Software Foundation, Inc.
# This is free software; see the source for copying conditions.
# There is NO warranty; not even for MERCHANTABILITY or FITNESS FOR A
# PARTICULAR PURPOSE.

# This program built for i386-apple-darwin11.3.0

# Make data base, printed on Mon Jul 11 13:18:37 2022

# Variables

# automatic
<D = $(patsubst %/,%,$(dir $<))
# automatic
?F = $(notdir $?)
# environment
AWS_SECRET_ACCESS_KEY = TSqr3CFXjrvmoLWl+Ne6HwfZnaiBarklKDcvHV6S
# environment
ELECTRON_NO_ATTACH_CONSOLE = 1
# environment
ISENGARD_PRODUCTION_ACCOUNT = false
# automatic
?D = $(patsubst %/,%,$(dir $?))
# automatic
@D = $(patsubst %/,%,$(dir $@))
# automatic
@F = $(notdir $@)
# makefile
CURDIR := /Users/davidlm/Documents/aws-sdk/botocore
# makefile
SHELL = /bin/sh
# environment
VSCODE_NLS_CONFIG = {"locale":"en-us","availableLanguages":{},"_languagePackSupport":true}
# environment
_ = /usr/bin/make
# makefile
MAKEFILE_LIST := 
# environment
__CFBundleIdentifier = com.microsoft.VSCode
# environment
P9K_SSH = 0
# environment
VSCODE_CWD = /Users/davidlm/Documents/aws-sdk/botocore
# environment
PATH = /Users/davidlm/Documents/aws-sdk/botocore/env/bin:/Users/davidlm/.pyenv/shims:/bin:/Users/davidlm/.toolbox/bin:/usr/local/bin:/usr/bin:/bin:/usr/sbin:/sbin
# environment
LSCOLORS = Gxfxcxdxbxegedabagacad
# environment
VIRTUAL_ENV = /Users/davidlm/Documents/aws-sdk/botocore/env
# environment
ELECTRON_RUN_AS_NODE = 1
# default
.FEATURES := target-specific order-only second-expansion else-if archives jobserver check-symlink
# environment
SSH_AUTH_SOCK = /private/tmp/com.apple.launchd.nCyuiKFBBr/Listeners
# automatic
%F = $(notdir $%)
# environment
PWD = /Users/davidlm/Documents/aws-sdk/botocore
# environment
ORIGINAL_XDG_CURRENT_DESKTOP = undefined
# environment
VSCODE_AMD_ENTRYPOINT = vs/workbench/api/node/extensionHostProcess
# environment
PYENV_SHELL = zsh
# environment
HOME = /Users/davidlm
# default
MAKEFILEPATH = $(shell /usr/bin/xcode-select -print-path 2>/dev/null || echo /Developer)/Makefiles
# environment
VSCODE_CLI = 1
# environment
VSCODE_CODE_CACHE_PATH = /Users/davidlm/Library/Application Support/Code/CachedData/92d25e35d9bf1a6b16f7d0758f25d48ace11e5b9
# environment
LOGNAME = davidlm
# environment
APPLICATION_INSIGHTS_NO_DIAGNOSTIC_CHANNEL = 1
# environment
ZSH = /Users/davidlm/.oh-my-zsh
# environment
VSCODE_HANDLES_UNCAUGHT_ERRORS = true
# automatic
^D = $(patsubst %/,%,$(dir $^))
# environment
XPC_FLAGS = 0x0
# environment
COLORTERM = truecolor
# default
MAKE = $(MAKE_COMMAND)
# environment
LC_TERMINAL = iTerm2
# environment
SHLVL = 3
# default
MAKE_VERSION := 3.81
# environment
USER = davidlm
# makefile
.DEFAULT_GOAL := 
# default
MAKECMDGOALS := all
# environment
TERM_SESSION_ID = w0t1p0:0E7049E6-41D3-45A8-82D1-8C79FABDB6CE
# environment
LESS = -R
# automatic
%D = $(patsubst %/,%,$(dir $%))
# environment
AWS_ACCESS_KEY_ID = ASIA6CAFY7XCBHBNOFEE
# default
MAKE_COMMAND := /Library/Developer/CommandLineTools/usr/bin/make
# environment
TERM_PROGRAM = iTerm.app
# default
.VARIABLES := 
# environment
TMPDIR = /var/folders/04/85rbljqn4qj35qtxc4m650hm0000gr/T/
# automatic
*F = $(notdir $*)
# environment
VSCODE_IPC_HOOK = /Users/davidlm/Library/Application Support/Code/1.69.0-main.sock
# environment
MallocNanoZone = 0
# makefile
MAKEFLAGS = Rrqp
# environment
MFLAGS = -Rrqp
# automatic
*D = $(patsubst %/,%,$(dir $*))
# environment
TERM_PROGRAM_VERSION = 3.4.16
# environment
XPC_SERVICE_NAME = application.com.microsoft.VSCode.6330909.6330915.5BE23AA5-70EB-4B3C-AD3B-82CCC8CD2070
# environment
AWS_SESSION_TOKEN = IQoJb3JpZ2luX2VjEBEaCXVzLWVhc3QtMSJIMEYCIQDRSge13eRYdu67qbZV2X2iMIPpAXLwlrA6bsxIjYq7/QIhAJ4cFfxQNb6xc1et7+vric3XgZD64VV6cbeNCO0B027gKp0CCEoQABoMOTY2Mzc5NzY1MTg4IgxDf35pbdZ+oqy5ACIq+gGM54+/uu3D/1mHmm9/+NXoBzC0YoBSR0PjFhfWjfTfHeFkvW3WNkabc4IRwyOrlSze0GgwOR1hQVeCk4cdSNOjUFNbShs8sSj8SWj0HwBMdAmejNEFpYEaEhtng/MHlo70hdjsEGncsytBKA9M6v7qkYHJTFhi7gr4UcPbgUsC3WMkLc5CSdPP7kDwmBtl9zyvmt6oEP7RVTKAWvBSsnu/uTsL2jCyHc0YXgwcfJAEsx95CTDi6RGJDtIz/MIDK6J7UF+UxrmJbGz7GDGcsJxog2Blo0ir1JmaJyg97ar086UkjR3BleCknrG2YgNg9WwJBfB7zfcZhQdyMJqosZYGOpwBlSmtZZ/VY9LAONyTNFWvZr3aw3pQRq1p/gRfXBmD3mxrlwIPiIdhNoTgA+hmBdrvyXBbLzRknkJ0j4S3aDqgLhNlx9OtxEO78i6g/oXJs/403WQZfpHOo1Roa65bPDDthHBFlGP/XOS5XvSDWO++81xQcWVW0oN+m719oWAb0kfrgT0sS8ecwn198WpTlph1C/Kmex5IsA6NXKUg
# environment
LC_TERMINAL_VERSION = 3.4.16
# automatic
+D = $(patsubst %/,%,$(dir $+))
# automatic
+F = $(notdir $+)
# environment
ITERM_SESSION_ID = w0t1p0:0E7049E6-41D3-45A8-82D1-8C79FABDB6CE
# environment
COLORFGBG = 7;0
# environment
__CF_USER_TEXT_ENCODING = 0x1F8:0x0:0x0
# environment
COMMAND_MODE = unix2003
# default
MAKEFILES := 
# automatic
<F = $(notdir $<)
# environment
ITERM_PROFILE = Default
# environment
PAGER = less
# environment
LC_ALL = C
# environment
P9K_TTY = old
# automatic
^F = $(notdir $^)
# default
SUFFIXES := 
# default
.INCLUDE_DIRS = /usr/local/include
# environment
MAKELEVEL := 0
# environment
LANG = C
# environment
TERM = xterm-256color
# environment
_P9K_TTY = /dev/ttys004
# environment
VSCODE_PID = 4271
# variable set hash-table stats:
# Load=83/1024=8%, Rehash=0, Collisions=5/104=5%

# Pattern-specific Variable Values

# No pattern-specific variable values.

# Directories

# . (device 16777221, inode 1348677): 39 files, no impossibilities.

# 39 files, no impossibilities in 1 directories.

# Implicit Rules

# No implicit rules.

# Files

# Not a target:
all:
#  Command-line target.
#  Implicit rule search has been done.
#  File does not exist.
#  File has not been updated.
# variable set hash-table stats:
# Load=0/32=0%, Rehash=0, Collisions=0/0=0%

# Not a target:
.SUFFIXES:
#  Implicit rule search has not been done.
#  Modification time never checked.
#  File has not been updated.

# Not a target:
Makefile:
#  A default, MAKEFILES, or -include/sinclude makefile.
#  Implicit rule search has been done.
#  File does not exist.
#  File has been updated.
#  Failed to be updated.
# variable set hash-table stats:
# Load=0/32=0%, Rehash=0, Collisions=0/0=0%

# Not a target:
makefile:
#  A default, MAKEFILES, or -include/sinclude makefile.
#  Implicit rule search has been done.
#  File does not exist.
#  File has been updated.
#  Failed to be updated.
# variable set hash-table stats:
# Load=0/32=0%, Rehash=0, Collisions=0/0=0%

# Not a target:
.DEFAULT:
#  Implicit rule search has not been done.
#  Modification time never checked.
#  File has not been updated.

# Not a target:
GNUmakefile:
#  A default, MAKEFILES, or -include/sinclude makefile.
#  Implicit rule search has been done.
#  File does not exist.
#  File has been updated.
#  Failed to be updated.
# variable set hash-table stats:
# Load=0/32=0%, Rehash=0, Collisions=0/0=0%

# files hash-table stats:
# Load=6/1024=1%, Rehash=0, Collisions=0/17=0%
# VPATH Search Paths

# No `vpath' search paths.

# No general (`VPATH' variable) search path.

# # of strings in strcache: 0
# # of strcache buffers: 0
# strcache size: total = 0 / max = 0 / min = 4096 / avg = 0
# strcache free: total = 0 / max = 0 / min = 4096 / avg = 0

# Finished Make data base on Mon Jul 11 13:18:37 2022

 
make: *** No rule to make target `all'.  Stop.

